Determining if the pthread_create exist failed with the following output:
Change Dir: /home/vez/Desktop/masterarbeit/git/plugins/build-ActuatorPlugin/CMakeFiles/CMakeTmp

Run Build Command:"/usr/bin/make" "cmTC_5408e/fast"
make[1]: Entering directory '/home/vez/Desktop/masterarbeit/git/plugins/build-ActuatorPlugin/CMakeFiles/CMakeTmp'
/usr/bin/make -f CMakeFiles/cmTC_5408e.dir/build.make CMakeFiles/cmTC_5408e.dir/build
make[2]: Entering directory '/home/vez/Desktop/masterarbeit/git/plugins/build-ActuatorPlugin/CMakeFiles/CMakeTmp'
Building C object CMakeFiles/cmTC_5408e.dir/CheckSymbolExists.c.o
/usr/bin/cc     -o CMakeFiles/cmTC_5408e.dir/CheckSymbolExists.c.o   -c /home/vez/Desktop/masterarbeit/git/plugins/build-ActuatorPlugin/CMakeFiles/CMakeTmp/CheckSymbolExists.c
Linking C executable cmTC_5408e
/usr/bin/cmake -E cmake_link_script CMakeFiles/cmTC_5408e.dir/link.txt --verbose=1
/usr/bin/cc       CMakeFiles/cmTC_5408e.dir/CheckSymbolExists.c.o  -o cmTC_5408e -rdynamic 
CMakeFiles/cmTC_5408e.dir/CheckSymbolExists.c.o: In function `main':
CheckSymbolExists.c:(.text+0x16): undefined reference to `pthread_create'
collect2: error: ld returned 1 exit status
CMakeFiles/cmTC_5408e.dir/build.make:97: recipe for target 'cmTC_5408e' failed
make[2]: *** [cmTC_5408e] Error 1
make[2]: Leaving directory '/home/vez/Desktop/masterarbeit/git/plugins/build-ActuatorPlugin/CMakeFiles/CMakeTmp'
Makefile:126: recipe for target 'cmTC_5408e/fast' failed
make[1]: *** [cmTC_5408e/fast] Error 2
make[1]: Leaving directory '/home/vez/Desktop/masterarbeit/git/plugins/build-ActuatorPlugin/CMakeFiles/CMakeTmp'

File /home/vez/Desktop/masterarbeit/git/plugins/build-ActuatorPlugin/CMakeFiles/CMakeTmp/CheckSymbolExists.c:
/* */
#include <pthread.h>

int main(int argc, char** argv)
{
  (void)argv;
#ifndef pthread_create
  return ((int*)(&pthread_create))[argc];
#else
  (void)argc;
  return 0;
#endif
}

Determining if the function pthread_create exists in the pthreads failed with the following output:
Change Dir: /home/vez/Desktop/masterarbeit/git/plugins/build-ActuatorPlugin/CMakeFiles/CMakeTmp

Run Build Command:"/usr/bin/make" "cmTC_3b155/fast"
make[1]: Entering directory '/home/vez/Desktop/masterarbeit/git/plugins/build-ActuatorPlugin/CMakeFiles/CMakeTmp'
/usr/bin/make -f CMakeFiles/cmTC_3b155.dir/build.make CMakeFiles/cmTC_3b155.dir/build
make[2]: Entering directory '/home/vez/Desktop/masterarbeit/git/plugins/build-ActuatorPlugin/CMakeFiles/CMakeTmp'
Building C object CMakeFiles/cmTC_3b155.dir/CheckFunctionExists.c.o
/usr/bin/cc    -DCHECK_FUNCTION_EXISTS=pthread_create   -o CMakeFiles/cmTC_3b155.dir/CheckFunctionExists.c.o   -c /usr/share/cmake-3.5/Modules/CheckFunctionExists.c
Linking C executable cmTC_3b155
/usr/bin/cmake -E cmake_link_script CMakeFiles/cmTC_3b155.dir/link.txt --verbose=1
/usr/bin/cc   -DCHECK_FUNCTION_EXISTS=pthread_create    CMakeFiles/cmTC_3b155.dir/CheckFunctionExists.c.o  -o cmTC_3b155 -rdynamic -lpthreads 
/usr/bin/ld: cannot find -lpthreads
collect2: error: ld returned 1 exit status
CMakeFiles/cmTC_3b155.dir/build.make:97: recipe for target 'cmTC_3b155' failed
make[2]: *** [cmTC_3b155] Error 1
make[2]: Leaving directory '/home/vez/Desktop/masterarbeit/git/plugins/build-ActuatorPlugin/CMakeFiles/CMakeTmp'
Makefile:126: recipe for target 'cmTC_3b155/fast' failed
make[1]: *** [cmTC_3b155/fast] Error 2
make[1]: Leaving directory '/home/vez/Desktop/masterarbeit/git/plugins/build-ActuatorPlugin/CMakeFiles/CMakeTmp'


